[debug] [2019-06-04T12:45:03.850Z] ----------------------------------------------------------------------
[debug] [2019-06-04T12:45:03.854Z] Command:       /usr/bin/node /usr/local/bin/firebase init
[debug] [2019-06-04T12:45:03.855Z] CLI Version:   6.10.0
[debug] [2019-06-04T12:45:03.855Z] Platform:      linux
[debug] [2019-06-04T12:45:03.855Z] Node Version:  v8.10.0
[debug] [2019-06-04T12:45:03.855Z] Time:          Tue Jun 04 2019 09:45:03 GMT-0300 (-03)
[debug] [2019-06-04T12:45:03.855Z] ----------------------------------------------------------------------
[debug] 
[debug] [2019-06-04T12:45:03.865Z] > command requires scopes: ["email","openid","https://www.googleapis.com/auth/cloudplatformprojects.readonly","https://www.googleapis.com/auth/firebase","https://www.googleapis.com/auth/cloud-platform"]
[debug] [2019-06-04T12:45:03.865Z] > authorizing via signed-in user
[info] 
     ######## #### ########  ######## ########     ###     ######  ########
     ##        ##  ##     ## ##       ##     ##  ##   ##  ##       ##
     ######    ##  ########  ######   ########  #########  ######  ######
     ##        ##  ##    ##  ##       ##     ## ##     ##       ## ##
     ##       #### ##     ## ######## ########  ##     ##  ######  ########

You're about to initialize a Firebase project in this directory:

  /home/vifanti/Documentos/fantinattoProjects/ufc-pwa

[info] 
=== Project Setup
[info] 
[info] First, let's associate this project directory with a Firebase project.
[info] You can create multiple project aliases by running firebase use --add, 
[info] but for now we'll just set up a default project.
[info] 
[debug] [2019-06-04T12:45:46.058Z] > refreshing access token with scopes: ["email","https://www.googleapis.com/auth/cloud-platform","https://www.googleapis.com/auth/cloudplatformprojects.readonly","https://www.googleapis.com/auth/firebase","openid"]
[debug] [2019-06-04T12:45:46.058Z] >>> HTTP REQUEST POST https://www.googleapis.com/oauth2/v3/token  
 <request body omitted>
[debug] [2019-06-04T12:45:46.314Z] <<< HTTP RESPONSE 200
[debug] [2019-06-04T12:45:46.369Z] >>> HTTP REQUEST GET https://firebase.googleapis.com/v1beta1/projects?page_size=100  
 
[debug] [2019-06-04T12:45:47.821Z] <<< HTTP RESPONSE 200
